<?xml version="1.0" encoding="UTF-8"?>
<testng-results skipped="0" failed="2" ignored="0" total="3" passed="1">
  <reporter-output>
    <line>
      <![CDATA[This is a sample screenshot]]>
    </line>
    <line>
      <![CDATA[<a href='C:\Users\Kirti Yadav\IdeaProjects\TDDFramework\Screenshots\Android_null_OnePlus 5T\2022-08-30-18-14-52\LoginTests\invalidPassword.png'><img src='C:\Users\Kirti Yadav\IdeaProjects\TDDFramework\Screenshots\Android_null_OnePlus 5T\2022-08-30-18-14-52\LoginTests\invalidPassword.png'height='400' width ='400'/></a>]]>
    </line>
    <line>
      <![CDATA[This is a sample screenshot]]>
    </line>
    <line>
      <![CDATA[<a href='C:\Users\Kirti Yadav\IdeaProjects\TDDFramework\Screenshots\Android_null_OnePlus 5T\2022-08-30-18-14-52\LoginTests\invalidUsername.png'><img src='C:\Users\Kirti Yadav\IdeaProjects\TDDFramework\Screenshots\Android_null_OnePlus 5T\2022-08-30-18-14-52\LoginTests\invalidUsername.png'height='400' width ='400'/></a>]]>
    </line>
  </reporter-output>
  <suite name="Suite" duration-ms="38940" started-at="2022-08-30T18:14:52 IST" finished-at="2022-08-30T18:15:31 IST">
    <groups>
    </groups>
    <test name="OnePlus 5T" duration-ms="38940" started-at="2022-08-30T18:14:52 IST" finished-at="2022-08-30T18:15:31 IST">
      <class name="com.qa.tests.LoginTests">
        <test-method status="PASS" signature="beforeSuite()[pri:0, instance:com.qa.tests.LoginTests@4f51b3e0]" name="beforeSuite" is-config="true" duration-ms="2168" started-at="2022-08-30T18:14:50 IST" finished-at="2022-08-30T18:14:52 IST">
          <reporter-output>
          </reporter-output>
        </test-method> <!-- beforeSuite -->
        <test-method status="PASS" signature="beforeTest(java.lang.String,java.lang.String,java.lang.String,java.lang.String,java.lang.String,java.lang.String)[pri:0, instance:com.qa.tests.LoginTests@4f51b3e0]" name="beforeTest" is-config="true" duration-ms="11742" started-at="2022-08-30T18:14:52 IST" finished-at="2022-08-30T18:15:04 IST">
          <params>
            <param index="0">
              <value>
                <![CDATA[false]]>
              </value>
            </param>
            <param index="1">
              <value>
                <![CDATA[Android]]>
              </value>
            </param>
            <param index="2">
              <value>
                <![CDATA[89f06fd8]]>
              </value>
            </param>
            <param index="3">
              <value>
                <![CDATA[10000]]>
              </value>
            </param>
            <param index="4">
              <value>
                <![CDATA[11000]]>
              </value>
            </param>
            <param index="5">
              <value>
                <![CDATA[OnePlus 5T]]>
              </value>
            </param>
          </params>
          <reporter-output>
          </reporter-output>
        </test-method> <!-- beforeTest -->
        <test-method status="PASS" signature="beforeClass()[pri:0, instance:com.qa.tests.LoginTests@4f51b3e0]" name="beforeClass" is-config="true" duration-ms="1033" started-at="2022-08-30T18:15:04 IST" finished-at="2022-08-30T18:15:05 IST">
          <reporter-output>
          </reporter-output>
        </test-method> <!-- beforeClass -->
        <test-method status="PASS" signature="beforeMethod()[pri:0, instance:com.qa.tests.LoginTests@4f51b3e0]" name="beforeMethod" is-config="true" duration-ms="654" started-at="2022-08-30T18:15:05 IST" finished-at="2022-08-30T18:15:05 IST">
          <reporter-output>
          </reporter-output>
        </test-method> <!-- beforeMethod -->
        <test-method status="PASS" signature="beforeMethod(java.lang.reflect.Method)[pri:0, instance:com.qa.tests.LoginTests@4f51b3e0]" name="beforeMethod" is-config="true" duration-ms="95" started-at="2022-08-30T18:15:05 IST" finished-at="2022-08-30T18:15:05 IST">
          <params>
            <param index="0">
              <value>
                <![CDATA[public void com.qa.tests.LoginTests.invalidPassword()]]>
              </value>
            </param>
          </params>
          <reporter-output>
          </reporter-output>
        </test-method> <!-- beforeMethod -->
        <test-method status="FAIL" signature="invalidPassword()[pri:0, instance:com.qa.tests.LoginTests@4f51b3e0]" name="invalidPassword" duration-ms="6184" started-at="2022-08-30T18:15:05 IST" finished-at="2022-08-30T18:15:12 IST">
          <exception class="java.lang.AssertionError">
            <message>
              <![CDATA[expected [Username and password do not match any user in this service.] but found [Username and password do not match any user in this service.hkdf]]]>
            </message>
            <full-stacktrace>
              <![CDATA[java.lang.AssertionError: expected [Username and password do not match any user in this service.] but found [Username and password do not match any user in this service.hkdf]
at org.testng.Assert.fail(Assert.java:110)
at org.testng.Assert.failNotEquals(Assert.java:1413)
at org.testng.Assert.assertEqualsImpl(Assert.java:149)
at org.testng.Assert.assertEquals(Assert.java:131)
at org.testng.Assert.assertEquals(Assert.java:655)
at org.testng.Assert.assertEquals(Assert.java:665)
at com.qa.tests.LoginTests.invalidPassword(LoginTests.java:97)
at sun.reflect.NativeMethodAccessorImpl.invoke0(Native Method)
at sun.reflect.NativeMethodAccessorImpl.invoke(NativeMethodAccessorImpl.java:62)
at sun.reflect.DelegatingMethodAccessorImpl.invoke(DelegatingMethodAccessorImpl.java:43)
at java.lang.reflect.Method.invoke(Method.java:498)
at org.testng.internal.invokers.MethodInvocationHelper.invokeMethod(MethodInvocationHelper.java:135)
at org.testng.internal.invokers.TestInvoker.invokeMethod(TestInvoker.java:673)
at org.testng.internal.invokers.TestInvoker.invokeTestMethod(TestInvoker.java:220)
at org.testng.internal.invokers.MethodRunner.runInSequence(MethodRunner.java:50)
at org.testng.internal.invokers.TestInvoker$MethodInvocationAgent.invoke(TestInvoker.java:945)
at org.testng.internal.invokers.TestInvoker.invokeTestMethods(TestInvoker.java:193)
at org.testng.internal.invokers.TestMethodWorker.invokeTestMethods(TestMethodWorker.java:146)
at org.testng.internal.invokers.TestMethodWorker.run(TestMethodWorker.java:128)
at java.util.ArrayList.forEach(ArrayList.java:1259)
at org.testng.TestRunner.privateRun(TestRunner.java:808)
at org.testng.TestRunner.run(TestRunner.java:603)
at org.testng.SuiteRunner.runTest(SuiteRunner.java:429)
at org.testng.SuiteRunner.access$000(SuiteRunner.java:32)
at org.testng.SuiteRunner$SuiteWorker.run(SuiteRunner.java:467)
at org.testng.internal.thread.ThreadUtil.lambda$execute$0(ThreadUtil.java:58)
at java.util.concurrent.FutureTask.run(FutureTask.java:266)
at java.util.concurrent.ThreadPoolExecutor.runWorker(ThreadPoolExecutor.java:1149)
at java.util.concurrent.ThreadPoolExecutor$Worker.run(ThreadPoolExecutor.java:624)
at java.lang.Thread.run(Thread.java:748)
]]>
            </full-stacktrace>
          </exception> <!-- java.lang.AssertionError -->
          <reporter-output>
            <line>
              <![CDATA[This is a sample screenshot]]>
            </line>
            <line>
              <![CDATA[<a href='C:\Users\Kirti Yadav\IdeaProjects\TDDFramework\Screenshots\Android_null_OnePlus 5T\2022-08-30-18-14-52\LoginTests\invalidPassword.png'><img src='C:\Users\Kirti Yadav\IdeaProjects\TDDFramework\Screenshots\Android_null_OnePlus 5T\2022-08-30-18-14-52\LoginTests\invalidPassword.png'height='400' width ='400'/></a>]]>
            </line>
          </reporter-output>
        </test-method> <!-- invalidPassword -->
        <test-method status="PASS" signature="afterMethod(org.testng.ITestResult)[pri:0, instance:com.qa.tests.LoginTests@4f51b3e0]" name="afterMethod" is-config="true" duration-ms="1191" started-at="2022-08-30T18:15:12 IST" finished-at="2022-08-30T18:15:14 IST">
          <params>
            <param index="0">
              <value>
                <![CDATA[[TestResult name=invalidPassword status=FAILURE method=LoginTests.invalidPassword()[pri:0, instance:com.qa.tests.LoginTests@4f51b3e0] output=This is a sample screenshot]]]>
              </value>
            </param>
          </params>
          <reporter-output>
          </reporter-output>
        </test-method> <!-- afterMethod -->
        <test-method status="PASS" signature="afterMethod()[pri:0, instance:com.qa.tests.LoginTests@4f51b3e0]" name="afterMethod" is-config="true" duration-ms="0" started-at="2022-08-30T18:15:12 IST" finished-at="2022-08-30T18:15:12 IST">
          <reporter-output>
          </reporter-output>
        </test-method> <!-- afterMethod -->
        <test-method status="PASS" signature="beforeMethod()[pri:0, instance:com.qa.tests.LoginTests@4f51b3e0]" name="beforeMethod" is-config="true" duration-ms="778" started-at="2022-08-30T18:15:14 IST" finished-at="2022-08-30T18:15:14 IST">
          <reporter-output>
          </reporter-output>
        </test-method> <!-- beforeMethod -->
        <test-method status="PASS" signature="beforeMethod(java.lang.reflect.Method)[pri:0, instance:com.qa.tests.LoginTests@4f51b3e0]" name="beforeMethod" is-config="true" duration-ms="1" started-at="2022-08-30T18:15:14 IST" finished-at="2022-08-30T18:15:14 IST">
          <params>
            <param index="0">
              <value>
                <![CDATA[public void com.qa.tests.LoginTests.invalidUsername()]]>
              </value>
            </param>
          </params>
          <reporter-output>
          </reporter-output>
        </test-method> <!-- beforeMethod -->
        <test-method status="FAIL" signature="invalidUsername()[pri:0, instance:com.qa.tests.LoginTests@4f51b3e0]" name="invalidUsername" duration-ms="5137" started-at="2022-08-30T18:15:14 IST" finished-at="2022-08-30T18:15:20 IST">
          <exception class="java.lang.AssertionError">
            <message>
              <![CDATA[expected [Username and password do not match any user in this service.] but found [Username and password do not match any user in this service.hkjh]]]>
            </message>
            <full-stacktrace>
              <![CDATA[java.lang.AssertionError: expected [Username and password do not match any user in this service.] but found [Username and password do not match any user in this service.hkjh]
at org.testng.Assert.fail(Assert.java:110)
at org.testng.Assert.failNotEquals(Assert.java:1413)
at org.testng.Assert.assertEqualsImpl(Assert.java:149)
at org.testng.Assert.assertEquals(Assert.java:131)
at org.testng.Assert.assertEquals(Assert.java:655)
at org.testng.Assert.assertEquals(Assert.java:665)
at com.qa.tests.LoginTests.invalidUsername(LoginTests.java:84)
at sun.reflect.NativeMethodAccessorImpl.invoke0(Native Method)
at sun.reflect.NativeMethodAccessorImpl.invoke(NativeMethodAccessorImpl.java:62)
at sun.reflect.DelegatingMethodAccessorImpl.invoke(DelegatingMethodAccessorImpl.java:43)
at java.lang.reflect.Method.invoke(Method.java:498)
at org.testng.internal.invokers.MethodInvocationHelper.invokeMethod(MethodInvocationHelper.java:135)
at org.testng.internal.invokers.TestInvoker.invokeMethod(TestInvoker.java:673)
at org.testng.internal.invokers.TestInvoker.invokeTestMethod(TestInvoker.java:220)
at org.testng.internal.invokers.MethodRunner.runInSequence(MethodRunner.java:50)
at org.testng.internal.invokers.TestInvoker$MethodInvocationAgent.invoke(TestInvoker.java:945)
at org.testng.internal.invokers.TestInvoker.invokeTestMethods(TestInvoker.java:193)
at org.testng.internal.invokers.TestMethodWorker.invokeTestMethods(TestMethodWorker.java:146)
at org.testng.internal.invokers.TestMethodWorker.run(TestMethodWorker.java:128)
at java.util.ArrayList.forEach(ArrayList.java:1259)
at org.testng.TestRunner.privateRun(TestRunner.java:808)
at org.testng.TestRunner.run(TestRunner.java:603)
at org.testng.SuiteRunner.runTest(SuiteRunner.java:429)
at org.testng.SuiteRunner.access$000(SuiteRunner.java:32)
at org.testng.SuiteRunner$SuiteWorker.run(SuiteRunner.java:467)
at org.testng.internal.thread.ThreadUtil.lambda$execute$0(ThreadUtil.java:58)
at java.util.concurrent.FutureTask.run(FutureTask.java:266)
at java.util.concurrent.ThreadPoolExecutor.runWorker(ThreadPoolExecutor.java:1149)
at java.util.concurrent.ThreadPoolExecutor$Worker.run(ThreadPoolExecutor.java:624)
at java.lang.Thread.run(Thread.java:748)
]]>
            </full-stacktrace>
          </exception> <!-- java.lang.AssertionError -->
          <reporter-output>
            <line>
              <![CDATA[This is a sample screenshot]]>
            </line>
            <line>
              <![CDATA[<a href='C:\Users\Kirti Yadav\IdeaProjects\TDDFramework\Screenshots\Android_null_OnePlus 5T\2022-08-30-18-14-52\LoginTests\invalidUsername.png'><img src='C:\Users\Kirti Yadav\IdeaProjects\TDDFramework\Screenshots\Android_null_OnePlus 5T\2022-08-30-18-14-52\LoginTests\invalidUsername.png'height='400' width ='400'/></a>]]>
            </line>
          </reporter-output>
        </test-method> <!-- invalidUsername -->
        <test-method status="PASS" signature="afterMethod()[pri:0, instance:com.qa.tests.LoginTests@4f51b3e0]" name="afterMethod" is-config="true" duration-ms="0" started-at="2022-08-30T18:15:20 IST" finished-at="2022-08-30T18:15:20 IST">
          <reporter-output>
          </reporter-output>
        </test-method> <!-- afterMethod -->
        <test-method status="PASS" signature="afterMethod(org.testng.ITestResult)[pri:0, instance:com.qa.tests.LoginTests@4f51b3e0]" name="afterMethod" is-config="true" duration-ms="1130" started-at="2022-08-30T18:15:20 IST" finished-at="2022-08-30T18:15:21 IST">
          <params>
            <param index="0">
              <value>
                <![CDATA[[TestResult name=invalidUsername status=FAILURE method=LoginTests.invalidUsername()[pri:0, instance:com.qa.tests.LoginTests@4f51b3e0] output=This is a sample screenshot]]]>
              </value>
            </param>
          </params>
          <reporter-output>
          </reporter-output>
        </test-method> <!-- afterMethod -->
        <test-method status="PASS" signature="beforeMethod()[pri:0, instance:com.qa.tests.LoginTests@4f51b3e0]" name="beforeMethod" is-config="true" duration-ms="755" started-at="2022-08-30T18:15:21 IST" finished-at="2022-08-30T18:15:22 IST">
          <reporter-output>
          </reporter-output>
        </test-method> <!-- beforeMethod -->
        <test-method status="PASS" signature="beforeMethod(java.lang.reflect.Method)[pri:0, instance:com.qa.tests.LoginTests@4f51b3e0]" name="beforeMethod" is-config="true" duration-ms="14" started-at="2022-08-30T18:15:22 IST" finished-at="2022-08-30T18:15:22 IST">
          <params>
            <param index="0">
              <value>
                <![CDATA[public void com.qa.tests.LoginTests.successfulLogin()]]>
              </value>
            </param>
          </params>
          <reporter-output>
          </reporter-output>
        </test-method> <!-- beforeMethod -->
        <test-method status="PASS" signature="successfulLogin()[pri:0, instance:com.qa.tests.LoginTests@4f51b3e0]" name="successfulLogin" duration-ms="6924" started-at="2022-08-30T18:15:22 IST" finished-at="2022-08-30T18:15:29 IST">
          <reporter-output>
          </reporter-output>
        </test-method> <!-- successfulLogin -->
        <test-method status="PASS" signature="afterMethod()[pri:0, instance:com.qa.tests.LoginTests@4f51b3e0]" name="afterMethod" is-config="true" duration-ms="3" started-at="2022-08-30T18:15:29 IST" finished-at="2022-08-30T18:15:29 IST">
          <reporter-output>
          </reporter-output>
        </test-method> <!-- afterMethod -->
        <test-method status="PASS" signature="afterMethod(org.testng.ITestResult)[pri:0, instance:com.qa.tests.LoginTests@4f51b3e0]" name="afterMethod" is-config="true" duration-ms="1425" started-at="2022-08-30T18:15:29 IST" finished-at="2022-08-30T18:15:30 IST">
          <params>
            <param index="0">
              <value>
                <![CDATA[[TestResult name=successfulLogin status=SUCCESS method=LoginTests.successfulLogin()[pri:0, instance:com.qa.tests.LoginTests@4f51b3e0] output={null}]]]>
              </value>
            </param>
          </params>
          <reporter-output>
          </reporter-output>
        </test-method> <!-- afterMethod -->
        <test-method status="PASS" signature="afterTest()[pri:0, instance:com.qa.tests.LoginTests@4f51b3e0]" name="afterTest" is-config="true" duration-ms="384" started-at="2022-08-30T18:15:30 IST" finished-at="2022-08-30T18:15:31 IST">
          <reporter-output>
          </reporter-output>
        </test-method> <!-- afterTest -->
        <test-method status="PASS" signature="afterSuite()[pri:0, instance:com.qa.tests.LoginTests@4f51b3e0]" name="afterSuite" is-config="true" duration-ms="56" started-at="2022-08-30T18:15:31 IST" finished-at="2022-08-30T18:15:31 IST">
          <reporter-output>
          </reporter-output>
        </test-method> <!-- afterSuite -->
      </class> <!-- com.qa.tests.LoginTests -->
    </test> <!-- OnePlus 5T -->
  </suite> <!-- Suite -->
</testng-results>
